{"F:\\yhx\\JavaScript\\myblog\\index.js":{"path":"F:\\yhx\\JavaScript\\myblog\\index.js","s":{"1":1,"2":1,"3":1,"4":1,"5":1,"6":1,"7":1,"8":1,"9":1,"10":1,"11":1,"12":1,"13":1,"14":1,"15":1,"16":1,"17":1,"18":1,"19":1,"20":0,"21":0,"22":0,"23":0,"24":1,"25":1,"26":1,"27":1,"28":0,"29":0,"30":0,"31":1,"32":1,"33":0,"34":0},"b":{"1":[1,0]},"f":{"1":0,"2":0,"3":0},"fnMap":{"1":{"name":"(anonymous_1)","line":51,"loc":{"start":{"line":51,"column":8},"end":{"line":51,"column":33}}},"2":{"name":"(anonymous_2)","line":87,"loc":{"start":{"line":87,"column":8},"end":{"line":87,"column":38}}},"3":{"name":"(anonymous_3)","line":100,"loc":{"start":{"line":100,"column":28},"end":{"line":100,"column":39}}}},"statementMap":{"1":{"start":{"line":1,"column":0},"end":{"line":1,"column":28}},"2":{"start":{"line":2,"column":0},"end":{"line":2,"column":34}},"3":{"start":{"line":3,"column":0},"end":{"line":3,"column":42}},"4":{"start":{"line":4,"column":0},"end":{"line":4,"column":52}},"5":{"start":{"line":5,"column":0},"end":{"line":5,"column":38}},"6":{"start":{"line":6,"column":0},"end":{"line":6,"column":48}},"7":{"start":{"line":7,"column":0},"end":{"line":7,"column":34}},"8":{"start":{"line":8,"column":0},"end":{"line":8,"column":32}},"9":{"start":{"line":9,"column":0},"end":{"line":9,"column":34}},"10":{"start":{"line":10,"column":0},"end":{"line":10,"column":49}},"11":{"start":{"line":12,"column":0},"end":{"line":12,"column":21}},"12":{"start":{"line":15,"column":0},"end":{"line":15,"column":47}},"13":{"start":{"line":17,"column":0},"end":{"line":17,"column":29}},"14":{"start":{"line":20,"column":0},"end":{"line":20,"column":55}},"15":{"start":{"line":22,"column":0},"end":{"line":33,"column":7}},"16":{"start":{"line":35,"column":0},"end":{"line":35,"column":16}},"17":{"start":{"line":38,"column":0},"end":{"line":41,"column":3}},"18":{"start":{"line":45,"column":0},"end":{"line":48,"column":1}},"19":{"start":{"line":51,"column":0},"end":{"line":56,"column":2}},"20":{"start":{"line":52,"column":4},"end":{"line":52,"column":38}},"21":{"start":{"line":53,"column":4},"end":{"line":53,"column":56}},"22":{"start":{"line":54,"column":4},"end":{"line":54,"column":52}},"23":{"start":{"line":55,"column":4},"end":{"line":55,"column":10}},"24":{"start":{"line":61,"column":0},"end":{"line":71,"column":7}},"25":{"start":{"line":73,"column":0},"end":{"line":73,"column":11}},"26":{"start":{"line":75,"column":0},"end":{"line":85,"column":3}},"27":{"start":{"line":87,"column":0},"end":{"line":91,"column":2}},"28":{"start":{"line":88,"column":4},"end":{"line":88,"column":22}},"29":{"start":{"line":89,"column":4},"end":{"line":89,"column":35}},"30":{"start":{"line":90,"column":4},"end":{"line":90,"column":26}},"31":{"start":{"line":95,"column":0},"end":{"line":103,"column":1}},"32":{"start":{"line":97,"column":4},"end":{"line":97,"column":24}},"33":{"start":{"line":100,"column":4},"end":{"line":102,"column":6}},"34":{"start":{"line":101,"column":8},"end":{"line":101,"column":67}}},"branchMap":{"1":{"line":95,"type":"if","locations":[{"start":{"line":95,"column":0},"end":{"line":95,"column":0}},{"start":{"line":95,"column":0},"end":{"line":95,"column":0}}]}}},"F:\\yhx\\JavaScript\\myblog\\config\\default.js":{"path":"F:\\yhx\\JavaScript\\myblog\\config\\default.js","s":{"1":1},"b":{},"f":{},"fnMap":{},"statementMap":{"1":{"start":{"line":1,"column":0},"end":{"line":9,"column":1}}},"branchMap":{}},"F:\\yhx\\JavaScript\\myblog\\routes\\index.js":{"path":"F:\\yhx\\JavaScript\\myblog\\routes\\index.js","s":{"1":1,"2":1,"3":0,"4":1,"5":1,"6":1,"7":1,"8":1,"9":1,"10":0,"11":0},"b":{"1":[0,0]},"f":{"1":1,"2":0,"3":0},"fnMap":{"1":{"name":"(anonymous_1)","line":1,"loc":{"start":{"line":1,"column":17},"end":{"line":1,"column":31}}},"2":{"name":"(anonymous_2)","line":2,"loc":{"start":{"line":2,"column":17},"end":{"line":2,"column":36}}},"3":{"name":"(anonymous_3)","line":11,"loc":{"start":{"line":11,"column":12},"end":{"line":11,"column":31}}}},"statementMap":{"1":{"start":{"line":1,"column":0},"end":{"line":18,"column":1}},"2":{"start":{"line":2,"column":4},"end":{"line":4,"column":6}},"3":{"start":{"line":3,"column":8},"end":{"line":3,"column":30}},"4":{"start":{"line":5,"column":4},"end":{"line":5,"column":43}},"5":{"start":{"line":6,"column":4},"end":{"line":6,"column":43}},"6":{"start":{"line":7,"column":4},"end":{"line":7,"column":45}},"7":{"start":{"line":8,"column":4},"end":{"line":8,"column":41}},"8":{"start":{"line":9,"column":4},"end":{"line":9,"column":47}},"9":{"start":{"line":11,"column":4},"end":{"line":15,"column":6}},"10":{"start":{"line":12,"column":8},"end":{"line":14,"column":9}},"11":{"start":{"line":13,"column":12},"end":{"line":13,"column":41}}},"branchMap":{"1":{"line":12,"type":"if","locations":[{"start":{"line":12,"column":8},"end":{"line":12,"column":8}},{"start":{"line":12,"column":8},"end":{"line":12,"column":8}}]}}},"F:\\yhx\\JavaScript\\myblog\\routes\\signup.js":{"path":"F:\\yhx\\JavaScript\\myblog\\routes\\signup.js","s":{"1":1,"2":1,"3":1,"4":1,"5":1,"6":1,"7":1,"8":1,"9":0,"10":1,"11":0,"12":0,"13":0,"14":0,"15":0,"16":0,"17":0,"18":0,"19":0,"20":0,"21":0,"22":0,"23":0,"24":0,"25":0,"26":0,"27":0,"28":0,"29":0,"30":0,"31":0,"32":0,"33":0,"34":0,"35":0,"36":0,"37":0,"38":0,"39":0,"40":0,"41":0,"42":0,"43":0,"44":0,"45":0,"46":1},"b":{"1":[0,0],"2":[0,0],"3":[0,0],"4":[0,0],"5":[0,0],"6":[0,0],"7":[0,0],"8":[0,0],"9":[0,0]},"f":{"1":0,"2":0,"3":0,"4":0},"fnMap":{"1":{"name":"(anonymous_1)","line":11,"loc":{"start":{"line":11,"column":31},"end":{"line":11,"column":56}}},"2":{"name":"(anonymous_2)","line":16,"loc":{"start":{"line":16,"column":32},"end":{"line":16,"column":57}}},"3":{"name":"(anonymous_3)","line":64,"loc":{"start":{"line":64,"column":14},"end":{"line":64,"column":31}}},"4":{"name":"(anonymous_4)","line":75,"loc":{"start":{"line":75,"column":15},"end":{"line":75,"column":27}}}},"statementMap":{"1":{"start":{"line":1,"column":0},"end":{"line":1,"column":24}},"2":{"start":{"line":2,"column":0},"end":{"line":2,"column":28}},"3":{"start":{"line":3,"column":0},"end":{"line":3,"column":28}},"4":{"start":{"line":4,"column":0},"end":{"line":4,"column":34}},"5":{"start":{"line":5,"column":0},"end":{"line":5,"column":31}},"6":{"start":{"line":7,"column":0},"end":{"line":7,"column":44}},"7":{"start":{"line":8,"column":0},"end":{"line":8,"column":67}},"8":{"start":{"line":11,"column":0},"end":{"line":13,"column":2}},"9":{"start":{"line":12,"column":4},"end":{"line":12,"column":24}},"10":{"start":{"line":16,"column":0},"end":{"line":85,"column":2}},"11":{"start":{"line":17,"column":4},"end":{"line":17,"column":32}},"12":{"start":{"line":18,"column":4},"end":{"line":18,"column":36}},"13":{"start":{"line":19,"column":4},"end":{"line":19,"column":30}},"14":{"start":{"line":20,"column":4},"end":{"line":20,"column":62}},"15":{"start":{"line":21,"column":4},"end":{"line":21,"column":38}},"16":{"start":{"line":22,"column":4},"end":{"line":22,"column":44}},"17":{"start":{"line":25,"column":4},"end":{"line":49,"column":5}},"18":{"start":{"line":26,"column":8},"end":{"line":28,"column":9}},"19":{"start":{"line":27,"column":12},"end":{"line":27,"column":46}},"20":{"start":{"line":29,"column":8},"end":{"line":31,"column":9}},"21":{"start":{"line":30,"column":12},"end":{"line":30,"column":44}},"22":{"start":{"line":32,"column":8},"end":{"line":34,"column":9}},"23":{"start":{"line":33,"column":12},"end":{"line":33,"column":48}},"24":{"start":{"line":35,"column":8},"end":{"line":37,"column":9}},"25":{"start":{"line":36,"column":12},"end":{"line":36,"column":35}},"26":{"start":{"line":38,"column":8},"end":{"line":40,"column":9}},"27":{"start":{"line":39,"column":12},"end":{"line":39,"column":41}},"28":{"start":{"line":41,"column":8},"end":{"line":43,"column":9}},"29":{"start":{"line":42,"column":12},"end":{"line":42,"column":40}},"30":{"start":{"line":46,"column":8},"end":{"line":46,"column":40}},"31":{"start":{"line":47,"column":8},"end":{"line":47,"column":37}},"32":{"start":{"line":48,"column":8},"end":{"line":48,"column":38}},"33":{"start":{"line":52,"column":4},"end":{"line":52,"column":29}},"34":{"start":{"line":55,"column":4},"end":{"line":61,"column":9}},"35":{"start":{"line":63,"column":4},"end":{"line":84,"column":10}},"36":{"start":{"line":66,"column":12},"end":{"line":66,"column":32}},"37":{"start":{"line":68,"column":12},"end":{"line":68,"column":32}},"38":{"start":{"line":69,"column":12},"end":{"line":69,"column":35}},"39":{"start":{"line":71,"column":12},"end":{"line":71,"column":40}},"40":{"start":{"line":73,"column":12},"end":{"line":73,"column":34}},"41":{"start":{"line":77,"column":12},"end":{"line":77,"column":44}},"42":{"start":{"line":79,"column":12},"end":{"line":82,"column":13}},"43":{"start":{"line":80,"column":16},"end":{"line":80,"column":45}},"44":{"start":{"line":81,"column":16},"end":{"line":81,"column":46}},"45":{"start":{"line":83,"column":12},"end":{"line":83,"column":19}},"46":{"start":{"line":87,"column":0},"end":{"line":87,"column":23}}},"branchMap":{"1":{"line":26,"type":"if","locations":[{"start":{"line":26,"column":8},"end":{"line":26,"column":8}},{"start":{"line":26,"column":8},"end":{"line":26,"column":8}}]},"2":{"line":26,"type":"binary-expr","locations":[{"start":{"line":26,"column":14},"end":{"line":26,"column":30}},{"start":{"line":26,"column":34},"end":{"line":26,"column":51}}]},"3":{"line":29,"type":"if","locations":[{"start":{"line":29,"column":8},"end":{"line":29,"column":8}},{"start":{"line":29,"column":8},"end":{"line":29,"column":8}}]},"4":{"line":32,"type":"if","locations":[{"start":{"line":32,"column":8},"end":{"line":32,"column":8}},{"start":{"line":32,"column":8},"end":{"line":32,"column":8}}]},"5":{"line":32,"type":"binary-expr","locations":[{"start":{"line":32,"column":14},"end":{"line":32,"column":29}},{"start":{"line":32,"column":33},"end":{"line":32,"column":49}}]},"6":{"line":35,"type":"if","locations":[{"start":{"line":35,"column":8},"end":{"line":35,"column":8}},{"start":{"line":35,"column":8},"end":{"line":35,"column":8}}]},"7":{"line":38,"type":"if","locations":[{"start":{"line":38,"column":8},"end":{"line":38,"column":8}},{"start":{"line":38,"column":8},"end":{"line":38,"column":8}}]},"8":{"line":41,"type":"if","locations":[{"start":{"line":41,"column":8},"end":{"line":41,"column":8}},{"start":{"line":41,"column":8},"end":{"line":41,"column":8}}]},"9":{"line":79,"type":"if","locations":[{"start":{"line":79,"column":12},"end":{"line":79,"column":12}},{"start":{"line":79,"column":12},"end":{"line":79,"column":12}}]}}},"F:\\yhx\\JavaScript\\myblog\\models\\users.js":{"path":"F:\\yhx\\JavaScript\\myblog\\models\\users.js","s":{"1":1,"2":1,"3":0,"4":0},"b":{},"f":{"1":0,"2":0},"fnMap":{"1":{"name":"create","line":5,"loc":{"start":{"line":5,"column":12},"end":{"line":5,"column":34}}},"2":{"name":"getUserByName","line":10,"loc":{"start":{"line":10,"column":19},"end":{"line":10,"column":48}}}},"statementMap":{"1":{"start":{"line":1,"column":0},"end":{"line":1,"column":41}},"2":{"start":{"line":3,"column":0},"end":{"line":16,"column":1}},"3":{"start":{"line":6,"column":8},"end":{"line":6,"column":39}},"4":{"start":{"line":11,"column":8},"end":{"line":14,"column":19}}},"branchMap":{}},"F:\\yhx\\JavaScript\\myblog\\lib\\mongo.js":{"path":"F:\\yhx\\JavaScript\\myblog\\lib\\mongo.js","s":{"1":1,"2":1,"3":1,"4":1,"5":1,"6":1,"7":1,"8":1,"9":1,"10":0,"11":0,"12":0,"13":0,"14":0,"15":0,"16":1,"17":1,"18":1,"19":1},"b":{"1":[0,0]},"f":{"1":0,"2":0,"3":0},"fnMap":{"1":{"name":"(anonymous_1)","line":19,"loc":{"start":{"line":19,"column":15},"end":{"line":19,"column":33}}},"2":{"name":"(anonymous_2)","line":20,"loc":{"start":{"line":20,"column":24},"end":{"line":20,"column":39}}},"3":{"name":"(anonymous_3)","line":25,"loc":{"start":{"line":25,"column":18},"end":{"line":25,"column":35}}}},"statementMap":{"1":{"start":{"line":1,"column":0},"end":{"line":1,"column":48}},"2":{"start":{"line":2,"column":0},"end":{"line":2,"column":38}},"3":{"start":{"line":3,"column":0},"end":{"line":3,"column":33}},"4":{"start":{"line":4,"column":0},"end":{"line":4,"column":33}},"5":{"start":{"line":5,"column":0},"end":{"line":5,"column":32}},"6":{"start":{"line":6,"column":0},"end":{"line":6,"column":60}},"7":{"start":{"line":8,"column":0},"end":{"line":14,"column":2}},"8":{"start":{"line":15,"column":0},"end":{"line":15,"column":56}},"9":{"start":{"line":18,"column":0},"end":{"line":31,"column":2}},"10":{"start":{"line":20,"column":8},"end":{"line":22,"column":10}},"11":{"start":{"line":21,"column":12},"end":{"line":21,"column":94}},"12":{"start":{"line":23,"column":8},"end":{"line":23,"column":22}},"13":{"start":{"line":26,"column":8},"end":{"line":28,"column":9}},"14":{"start":{"line":27,"column":12},"end":{"line":27,"column":98}},"15":{"start":{"line":29,"column":8},"end":{"line":29,"column":21}},"16":{"start":{"line":33,"column":0},"end":{"line":38,"column":2}},"17":{"start":{"line":39,"column":0},"end":{"line":39,"column":49}},"18":{"start":{"line":41,"column":0},"end":{"line":45,"column":2}},"19":{"start":{"line":46,"column":0},"end":{"line":46,"column":51}}},"branchMap":{"1":{"line":26,"type":"if","locations":[{"start":{"line":26,"column":8},"end":{"line":26,"column":8}},{"start":{"line":26,"column":8},"end":{"line":26,"column":8}}]}}},"F:\\yhx\\JavaScript\\myblog\\middlewares\\check.js":{"path":"F:\\yhx\\JavaScript\\myblog\\middlewares\\check.js","s":{"1":1,"2":0,"3":0,"4":0,"5":0,"6":0,"7":0,"8":0,"9":0},"b":{"1":[0,0],"2":[0,0]},"f":{"1":0,"2":0},"fnMap":{"1":{"name":"checkLogin","line":2,"loc":{"start":{"line":2,"column":16},"end":{"line":2,"column":52}}},"2":{"name":"checkNotLogin","line":10,"loc":{"start":{"line":10,"column":19},"end":{"line":10,"column":58}}}},"statementMap":{"1":{"start":{"line":1,"column":0},"end":{"line":17,"column":1}},"2":{"start":{"line":3,"column":8},"end":{"line":6,"column":9}},"3":{"start":{"line":4,"column":12},"end":{"line":4,"column":37}},"4":{"start":{"line":5,"column":12},"end":{"line":5,"column":42}},"5":{"start":{"line":7,"column":8},"end":{"line":7,"column":14}},"6":{"start":{"line":11,"column":8},"end":{"line":14,"column":9}},"7":{"start":{"line":12,"column":12},"end":{"line":12,"column":37}},"8":{"start":{"line":13,"column":12},"end":{"line":13,"column":39}},"9":{"start":{"line":15,"column":8},"end":{"line":15,"column":14}}},"branchMap":{"1":{"line":3,"type":"if","locations":[{"start":{"line":3,"column":8},"end":{"line":3,"column":8}},{"start":{"line":3,"column":8},"end":{"line":3,"column":8}}]},"2":{"line":11,"type":"if","locations":[{"start":{"line":11,"column":8},"end":{"line":11,"column":8}},{"start":{"line":11,"column":8},"end":{"line":11,"column":8}}]}}},"F:\\yhx\\JavaScript\\myblog\\routes\\signin.js":{"path":"F:\\yhx\\JavaScript\\myblog\\routes\\signin.js","s":{"1":1,"2":1,"3":1,"4":1,"5":1,"6":1,"7":0,"8":1,"9":0,"10":0,"11":0,"12":0,"13":0,"14":0,"15":0,"16":0,"17":0,"18":0,"19":0,"20":0,"21":0,"22":0,"23":0,"24":0,"25":0,"26":0,"27":0,"28":0,"29":1},"b":{"1":[0,0],"2":[0,0],"3":[0,0],"4":[0,0]},"f":{"1":0,"2":0,"3":0},"fnMap":{"1":{"name":"(anonymous_1)","line":9,"loc":{"start":{"line":9,"column":31},"end":{"line":9,"column":56}}},"2":{"name":"(anonymous_2)","line":14,"loc":{"start":{"line":14,"column":32},"end":{"line":14,"column":57}}},"3":{"name":"(anonymous_3)","line":32,"loc":{"start":{"line":32,"column":14},"end":{"line":32,"column":29}}}},"statementMap":{"1":{"start":{"line":1,"column":0},"end":{"line":1,"column":28}},"2":{"start":{"line":2,"column":0},"end":{"line":2,"column":34}},"3":{"start":{"line":3,"column":0},"end":{"line":3,"column":31}},"4":{"start":{"line":5,"column":0},"end":{"line":5,"column":44}},"5":{"start":{"line":6,"column":0},"end":{"line":6,"column":67}},"6":{"start":{"line":9,"column":0},"end":{"line":11,"column":2}},"7":{"start":{"line":10,"column":4},"end":{"line":10,"column":24}},"8":{"start":{"line":14,"column":0},"end":{"line":50,"column":2}},"9":{"start":{"line":15,"column":4},"end":{"line":15,"column":32}},"10":{"start":{"line":16,"column":4},"end":{"line":16,"column":40}},"11":{"start":{"line":19,"column":4},"end":{"line":29,"column":5}},"12":{"start":{"line":20,"column":8},"end":{"line":22,"column":9}},"13":{"start":{"line":21,"column":12},"end":{"line":21,"column":37}},"14":{"start":{"line":23,"column":8},"end":{"line":25,"column":9}},"15":{"start":{"line":24,"column":12},"end":{"line":24,"column":36}},"16":{"start":{"line":27,"column":8},"end":{"line":27,"column":37}},"17":{"start":{"line":28,"column":8},"end":{"line":28,"column":35}},"18":{"start":{"line":31,"column":4},"end":{"line":49,"column":20}},"19":{"start":{"line":33,"column":12},"end":{"line":36,"column":13}},"20":{"start":{"line":34,"column":16},"end":{"line":34,"column":43}},"21":{"start":{"line":35,"column":16},"end":{"line":35,"column":43}},"22":{"start":{"line":38,"column":12},"end":{"line":41,"column":13}},"23":{"start":{"line":39,"column":16},"end":{"line":39,"column":46}},"24":{"start":{"line":40,"column":16},"end":{"line":40,"column":43}},"25":{"start":{"line":42,"column":12},"end":{"line":42,"column":40}},"26":{"start":{"line":44,"column":12},"end":{"line":44,"column":32}},"27":{"start":{"line":45,"column":12},"end":{"line":45,"column":35}},"28":{"start":{"line":47,"column":12},"end":{"line":47,"column":34}},"29":{"start":{"line":52,"column":0},"end":{"line":52,"column":23}}},"branchMap":{"1":{"line":20,"type":"if","locations":[{"start":{"line":20,"column":8},"end":{"line":20,"column":8}},{"start":{"line":20,"column":8},"end":{"line":20,"column":8}}]},"2":{"line":23,"type":"if","locations":[{"start":{"line":23,"column":8},"end":{"line":23,"column":8}},{"start":{"line":23,"column":8},"end":{"line":23,"column":8}}]},"3":{"line":33,"type":"if","locations":[{"start":{"line":33,"column":12},"end":{"line":33,"column":12}},{"start":{"line":33,"column":12},"end":{"line":33,"column":12}}]},"4":{"line":38,"type":"if","locations":[{"start":{"line":38,"column":12},"end":{"line":38,"column":12}},{"start":{"line":38,"column":12},"end":{"line":38,"column":12}}]}}},"F:\\yhx\\JavaScript\\myblog\\routes\\signout.js":{"path":"F:\\yhx\\JavaScript\\myblog\\routes\\signout.js","s":{"1":1,"2":1,"3":1,"4":1,"5":0,"6":0,"7":0,"8":1},"b":{},"f":{"1":0},"fnMap":{"1":{"name":"(anonymous_1)","line":7,"loc":{"start":{"line":7,"column":28},"end":{"line":7,"column":53}}}},"statementMap":{"1":{"start":{"line":1,"column":0},"end":{"line":1,"column":34}},"2":{"start":{"line":2,"column":0},"end":{"line":2,"column":31}},"3":{"start":{"line":4,"column":0},"end":{"line":4,"column":61}},"4":{"start":{"line":7,"column":0},"end":{"line":13,"column":2}},"5":{"start":{"line":9,"column":4},"end":{"line":9,"column":27}},"6":{"start":{"line":10,"column":4},"end":{"line":10,"column":32}},"7":{"start":{"line":12,"column":4},"end":{"line":12,"column":26}},"8":{"start":{"line":15,"column":0},"end":{"line":15,"column":23}}},"branchMap":{}},"F:\\yhx\\JavaScript\\myblog\\routes\\posts.js":{"path":"F:\\yhx\\JavaScript\\myblog\\routes\\posts.js","s":{"1":1,"2":1,"3":1,"4":1,"5":1,"6":1,"7":0,"8":0,"9":0,"10":1,"11":0,"12":0,"13":0,"14":0,"15":0,"16":0,"17":0,"18":0,"19":0,"20":0,"21":0,"22":0,"23":0,"24":0,"25":0,"26":1,"27":0,"28":1,"29":0,"30":0,"31":0,"32":0,"33":0,"34":0,"35":0,"36":1,"37":0,"38":0,"39":0,"40":0,"41":0,"42":0,"43":0,"44":0,"45":1,"46":0,"47":0,"48":0,"49":0,"50":0,"51":0,"52":0,"53":0,"54":0,"55":0,"56":0,"57":0,"58":0,"59":0,"60":0,"61":0,"62":0,"63":0,"64":0,"65":1,"66":0,"67":0,"68":0,"69":0,"70":0,"71":0,"72":0,"73":0,"74":0,"75":0,"76":1},"b":{"1":[0,0],"2":[0,0],"3":[0,0],"4":[0,0],"5":[0,0],"6":[0,0],"7":[0,0],"8":[0,0],"9":[0,0],"10":[0,0],"11":[0,0]},"f":{"1":0,"2":0,"3":0,"4":0,"5":0,"6":0,"7":0,"8":0,"9":0,"10":0,"11":0,"12":0,"13":0,"14":0,"15":0},"fnMap":{"1":{"name":"(anonymous_1)","line":12,"loc":{"start":{"line":12,"column":16},"end":{"line":12,"column":41}}},"2":{"name":"(anonymous_2)","line":16,"loc":{"start":{"line":16,"column":14},"end":{"line":16,"column":30}}},"3":{"name":"(anonymous_3)","line":25,"loc":{"start":{"line":25,"column":35},"end":{"line":25,"column":60}}},"4":{"name":"(anonymous_4)","line":50,"loc":{"start":{"line":50,"column":14},"end":{"line":50,"column":31}}},"5":{"name":"(anonymous_5)","line":62,"loc":{"start":{"line":62,"column":34},"end":{"line":62,"column":59}}},"6":{"name":"(anonymous_6)","line":68,"loc":{"start":{"line":68,"column":23},"end":{"line":68,"column":48}}},"7":{"name":"(anonymous_7)","line":76,"loc":{"start":{"line":76,"column":14},"end":{"line":76,"column":31}}},"8":{"name":"(anonymous_8)","line":94,"loc":{"start":{"line":94,"column":40},"end":{"line":94,"column":65}}},"9":{"name":"(anonymous_9)","line":99,"loc":{"start":{"line":99,"column":14},"end":{"line":99,"column":29}}},"10":{"name":"(anonymous_10)","line":114,"loc":{"start":{"line":114,"column":41},"end":{"line":114,"column":66}}},"11":{"name":"(anonymous_11)","line":134,"loc":{"start":{"line":134,"column":14},"end":{"line":134,"column":29}}},"12":{"name":"(anonymous_12)","line":142,"loc":{"start":{"line":142,"column":22},"end":{"line":142,"column":33}}},"13":{"name":"(anonymous_13)","line":152,"loc":{"start":{"line":152,"column":42},"end":{"line":152,"column":67}}},"14":{"name":"(anonymous_14)","line":157,"loc":{"start":{"line":157,"column":14},"end":{"line":157,"column":29}}},"15":{"name":"(anonymous_15)","line":165,"loc":{"start":{"line":165,"column":22},"end":{"line":165,"column":33}}}},"statementMap":{"1":{"start":{"line":1,"column":0},"end":{"line":1,"column":34}},"2":{"start":{"line":2,"column":0},"end":{"line":2,"column":31}},"3":{"start":{"line":3,"column":0},"end":{"line":3,"column":44}},"4":{"start":{"line":4,"column":0},"end":{"line":4,"column":50}},"5":{"start":{"line":5,"column":0},"end":{"line":5,"column":61}},"6":{"start":{"line":12,"column":0},"end":{"line":22,"column":2}},"7":{"start":{"line":13,"column":4},"end":{"line":13,"column":35}},"8":{"start":{"line":15,"column":4},"end":{"line":21,"column":20}},"9":{"start":{"line":17,"column":12},"end":{"line":19,"column":14}},"10":{"start":{"line":25,"column":0},"end":{"line":58,"column":2}},"11":{"start":{"line":26,"column":4},"end":{"line":26,"column":39}},"12":{"start":{"line":27,"column":4},"end":{"line":27,"column":34}},"13":{"start":{"line":28,"column":4},"end":{"line":28,"column":38}},"14":{"start":{"line":31,"column":4},"end":{"line":41,"column":5}},"15":{"start":{"line":32,"column":8},"end":{"line":34,"column":9}},"16":{"start":{"line":33,"column":12},"end":{"line":33,"column":36}},"17":{"start":{"line":35,"column":8},"end":{"line":37,"column":9}},"18":{"start":{"line":36,"column":12},"end":{"line":36,"column":36}},"19":{"start":{"line":39,"column":8},"end":{"line":39,"column":37}},"20":{"start":{"line":40,"column":8},"end":{"line":40,"column":35}},"21":{"start":{"line":43,"column":4},"end":{"line":47,"column":5}},"22":{"start":{"line":49,"column":4},"end":{"line":57,"column":20}},"23":{"start":{"line":52,"column":12},"end":{"line":52,"column":32}},"24":{"start":{"line":53,"column":12},"end":{"line":53,"column":40}},"25":{"start":{"line":55,"column":12},"end":{"line":55,"column":46}},"26":{"start":{"line":62,"column":0},"end":{"line":64,"column":2}},"27":{"start":{"line":63,"column":4},"end":{"line":63,"column":24}},"28":{"start":{"line":68,"column":0},"end":{"line":89,"column":2}},"29":{"start":{"line":69,"column":4},"end":{"line":69,"column":36}},"30":{"start":{"line":71,"column":4},"end":{"line":88,"column":20}},"31":{"start":{"line":77,"column":12},"end":{"line":77,"column":34}},"32":{"start":{"line":78,"column":12},"end":{"line":78,"column":38}},"33":{"start":{"line":79,"column":12},"end":{"line":81,"column":13}},"34":{"start":{"line":80,"column":16},"end":{"line":80,"column":41}},"35":{"start":{"line":83,"column":12},"end":{"line":86,"column":14}},"36":{"start":{"line":94,"column":0},"end":{"line":111,"column":2}},"37":{"start":{"line":95,"column":4},"end":{"line":95,"column":36}},"38":{"start":{"line":96,"column":4},"end":{"line":96,"column":39}},"39":{"start":{"line":98,"column":4},"end":{"line":110,"column":20}},"40":{"start":{"line":100,"column":12},"end":{"line":102,"column":13}},"41":{"start":{"line":101,"column":16},"end":{"line":101,"column":41}},"42":{"start":{"line":103,"column":12},"end":{"line":105,"column":13}},"43":{"start":{"line":104,"column":16},"end":{"line":104,"column":39}},"44":{"start":{"line":106,"column":12},"end":{"line":108,"column":14}},"45":{"start":{"line":114,"column":0},"end":{"line":149,"column":2}},"46":{"start":{"line":115,"column":4},"end":{"line":115,"column":36}},"47":{"start":{"line":116,"column":4},"end":{"line":116,"column":39}},"48":{"start":{"line":117,"column":4},"end":{"line":117,"column":34}},"49":{"start":{"line":118,"column":4},"end":{"line":118,"column":38}},"50":{"start":{"line":121,"column":4},"end":{"line":131,"column":5}},"51":{"start":{"line":122,"column":8},"end":{"line":124,"column":9}},"52":{"start":{"line":123,"column":12},"end":{"line":123,"column":36}},"53":{"start":{"line":125,"column":8},"end":{"line":127,"column":9}},"54":{"start":{"line":126,"column":12},"end":{"line":126,"column":36}},"55":{"start":{"line":129,"column":8},"end":{"line":129,"column":37}},"56":{"start":{"line":130,"column":8},"end":{"line":130,"column":35}},"57":{"start":{"line":133,"column":4},"end":{"line":148,"column":10}},"58":{"start":{"line":135,"column":12},"end":{"line":137,"column":13}},"59":{"start":{"line":136,"column":16},"end":{"line":136,"column":40}},"60":{"start":{"line":138,"column":12},"end":{"line":140,"column":13}},"61":{"start":{"line":139,"column":16},"end":{"line":139,"column":39}},"62":{"start":{"line":141,"column":12},"end":{"line":147,"column":28}},"63":{"start":{"line":143,"column":20},"end":{"line":143,"column":50}},"64":{"start":{"line":145,"column":20},"end":{"line":145,"column":52}},"65":{"start":{"line":152,"column":0},"end":{"line":172,"column":2}},"66":{"start":{"line":153,"column":4},"end":{"line":153,"column":36}},"67":{"start":{"line":154,"column":4},"end":{"line":154,"column":39}},"68":{"start":{"line":156,"column":4},"end":{"line":171,"column":10}},"69":{"start":{"line":158,"column":12},"end":{"line":160,"column":13}},"70":{"start":{"line":159,"column":16},"end":{"line":159,"column":40}},"71":{"start":{"line":161,"column":12},"end":{"line":163,"column":13}},"72":{"start":{"line":162,"column":16},"end":{"line":162,"column":39}},"73":{"start":{"line":164,"column":12},"end":{"line":170,"column":28}},"74":{"start":{"line":166,"column":20},"end":{"line":166,"column":50}},"75":{"start":{"line":168,"column":20},"end":{"line":168,"column":42}},"76":{"start":{"line":176,"column":0},"end":{"line":176,"column":23}}},"branchMap":{"1":{"line":32,"type":"if","locations":[{"start":{"line":32,"column":8},"end":{"line":32,"column":8}},{"start":{"line":32,"column":8},"end":{"line":32,"column":8}}]},"2":{"line":35,"type":"if","locations":[{"start":{"line":35,"column":8},"end":{"line":35,"column":8}},{"start":{"line":35,"column":8},"end":{"line":35,"column":8}}]},"3":{"line":79,"type":"if","locations":[{"start":{"line":79,"column":12},"end":{"line":79,"column":12}},{"start":{"line":79,"column":12},"end":{"line":79,"column":12}}]},"4":{"line":100,"type":"if","locations":[{"start":{"line":100,"column":12},"end":{"line":100,"column":12}},{"start":{"line":100,"column":12},"end":{"line":100,"column":12}}]},"5":{"line":103,"type":"if","locations":[{"start":{"line":103,"column":12},"end":{"line":103,"column":12}},{"start":{"line":103,"column":12},"end":{"line":103,"column":12}}]},"6":{"line":122,"type":"if","locations":[{"start":{"line":122,"column":8},"end":{"line":122,"column":8}},{"start":{"line":122,"column":8},"end":{"line":122,"column":8}}]},"7":{"line":125,"type":"if","locations":[{"start":{"line":125,"column":8},"end":{"line":125,"column":8}},{"start":{"line":125,"column":8},"end":{"line":125,"column":8}}]},"8":{"line":135,"type":"if","locations":[{"start":{"line":135,"column":12},"end":{"line":135,"column":12}},{"start":{"line":135,"column":12},"end":{"line":135,"column":12}}]},"9":{"line":138,"type":"if","locations":[{"start":{"line":138,"column":12},"end":{"line":138,"column":12}},{"start":{"line":138,"column":12},"end":{"line":138,"column":12}}]},"10":{"line":158,"type":"if","locations":[{"start":{"line":158,"column":12},"end":{"line":158,"column":12}},{"start":{"line":158,"column":12},"end":{"line":158,"column":12}}]},"11":{"line":161,"type":"if","locations":[{"start":{"line":161,"column":12},"end":{"line":161,"column":12}},{"start":{"line":161,"column":12},"end":{"line":161,"column":12}}]}}},"F:\\yhx\\JavaScript\\myblog\\models\\posts.js":{"path":"F:\\yhx\\JavaScript\\myblog\\models\\posts.js","s":{"1":1,"2":1,"3":1,"4":1,"5":0,"6":0,"7":0,"8":0,"9":0,"10":0,"11":0,"12":0,"13":0,"14":1,"15":0,"16":0,"17":0,"18":0,"19":0,"20":0,"21":1,"22":0,"23":0,"24":0,"25":0,"26":0,"27":0,"28":0,"29":0,"30":0,"31":0,"32":0,"33":0},"b":{"1":[0,0],"2":[0,0],"3":[0,0],"4":[0,0],"5":[0,0]},"f":{"1":0,"2":0,"3":0,"4":0,"5":0,"6":0,"7":0,"8":0,"9":0,"10":0,"11":0,"12":0,"13":0,"14":0,"15":0,"16":0},"fnMap":{"1":{"name":"(anonymous_1)","line":8,"loc":{"start":{"line":8,"column":15},"end":{"line":8,"column":31}}},"2":{"name":"(anonymous_2)","line":9,"loc":{"start":{"line":9,"column":37},"end":{"line":9,"column":52}}},"3":{"name":"(anonymous_3)","line":10,"loc":{"start":{"line":10,"column":64},"end":{"line":10,"column":88}}},"4":{"name":"(anonymous_4)","line":16,"loc":{"start":{"line":16,"column":18},"end":{"line":16,"column":33}}},"5":{"name":"(anonymous_5)","line":18,"loc":{"start":{"line":18,"column":64},"end":{"line":18,"column":80}}},"6":{"name":"(anonymous_6)","line":30,"loc":{"start":{"line":30,"column":15},"end":{"line":30,"column":31}}},"7":{"name":"(anonymous_7)","line":31,"loc":{"start":{"line":31,"column":25},"end":{"line":31,"column":40}}},"8":{"name":"(anonymous_8)","line":36,"loc":{"start":{"line":36,"column":18},"end":{"line":36,"column":33}}},"9":{"name":"create","line":46,"loc":{"start":{"line":46,"column":12},"end":{"line":46,"column":34}}},"10":{"name":"getPostById","line":51,"loc":{"start":{"line":51,"column":17},"end":{"line":51,"column":46}}},"11":{"name":"getPosts","line":62,"loc":{"start":{"line":62,"column":14},"end":{"line":62,"column":40}}},"12":{"name":"incPv","line":78,"loc":{"start":{"line":78,"column":11},"end":{"line":78,"column":34}}},"13":{"name":"getRawPostById","line":84,"loc":{"start":{"line":84,"column":20},"end":{"line":84,"column":52}}},"14":{"name":"updatePostById","line":92,"loc":{"start":{"line":92,"column":20},"end":{"line":92,"column":58}}},"15":{"name":"delPostById","line":98,"loc":{"start":{"line":98,"column":17},"end":{"line":98,"column":54}}},"16":{"name":"(anonymous_16)","line":101,"loc":{"start":{"line":101,"column":18},"end":{"line":101,"column":32}}}},"statementMap":{"1":{"start":{"line":1,"column":0},"end":{"line":1,"column":32}},"2":{"start":{"line":2,"column":0},"end":{"line":2,"column":41}},"3":{"start":{"line":4,"column":0},"end":{"line":4,"column":42}},"4":{"start":{"line":7,"column":0},"end":{"line":25,"column":2}},"5":{"start":{"line":9,"column":8},"end":{"line":14,"column":11}},"6":{"start":{"line":10,"column":12},"end":{"line":13,"column":14}},"7":{"start":{"line":11,"column":16},"end":{"line":11,"column":50}},"8":{"start":{"line":12,"column":16},"end":{"line":12,"column":27}},"9":{"start":{"line":17,"column":8},"end":{"line":22,"column":9}},"10":{"start":{"line":18,"column":12},"end":{"line":21,"column":14}},"11":{"start":{"line":19,"column":16},"end":{"line":19,"column":42}},"12":{"start":{"line":20,"column":16},"end":{"line":20,"column":27}},"13":{"start":{"line":23,"column":8},"end":{"line":23,"column":19}},"14":{"start":{"line":29,"column":0},"end":{"line":42,"column":2}},"15":{"start":{"line":31,"column":8},"end":{"line":34,"column":10}},"16":{"start":{"line":32,"column":12},"end":{"line":32,"column":47}},"17":{"start":{"line":33,"column":12},"end":{"line":33,"column":23}},"18":{"start":{"line":37,"column":8},"end":{"line":39,"column":9}},"19":{"start":{"line":38,"column":12},"end":{"line":38,"column":47}},"20":{"start":{"line":40,"column":8},"end":{"line":40,"column":19}},"21":{"start":{"line":44,"column":0},"end":{"line":110,"column":1}},"22":{"start":{"line":47,"column":8},"end":{"line":47,"column":39}},"23":{"start":{"line":52,"column":8},"end":{"line":58,"column":19}},"24":{"start":{"line":63,"column":8},"end":{"line":63,"column":24}},"25":{"start":{"line":64,"column":8},"end":{"line":66,"column":9}},"26":{"start":{"line":65,"column":12},"end":{"line":65,"column":33}},"27":{"start":{"line":67,"column":8},"end":{"line":74,"column":19}},"28":{"start":{"line":79,"column":8},"end":{"line":81,"column":19}},"29":{"start":{"line":85,"column":8},"end":{"line":88,"column":19}},"30":{"start":{"line":93,"column":8},"end":{"line":93,"column":66}},"31":{"start":{"line":99,"column":8},"end":{"line":106,"column":14}},"32":{"start":{"line":103,"column":16},"end":{"line":105,"column":17}},"33":{"start":{"line":104,"column":20},"end":{"line":104,"column":67}}},"branchMap":{"1":{"line":17,"type":"if","locations":[{"start":{"line":17,"column":8},"end":{"line":17,"column":8}},{"start":{"line":17,"column":8},"end":{"line":17,"column":8}}]},"2":{"line":37,"type":"if","locations":[{"start":{"line":37,"column":8},"end":{"line":37,"column":8}},{"start":{"line":37,"column":8},"end":{"line":37,"column":8}}]},"3":{"line":64,"type":"if","locations":[{"start":{"line":64,"column":8},"end":{"line":64,"column":8}},{"start":{"line":64,"column":8},"end":{"line":64,"column":8}}]},"4":{"line":103,"type":"if","locations":[{"start":{"line":103,"column":16},"end":{"line":103,"column":16}},{"start":{"line":103,"column":16},"end":{"line":103,"column":16}}]},"5":{"line":103,"type":"binary-expr","locations":[{"start":{"line":103,"column":20},"end":{"line":103,"column":33}},{"start":{"line":103,"column":37},"end":{"line":103,"column":53}}]}}},"F:\\yhx\\JavaScript\\myblog\\models\\comments.js":{"path":"F:\\yhx\\JavaScript\\myblog\\models\\comments.js","s":{"1":1,"2":1,"3":1,"4":0,"5":0,"6":0,"7":1,"8":0,"9":0,"10":0,"11":0,"12":0,"13":0},"b":{},"f":{"1":0,"2":0,"3":0,"4":0,"5":0,"6":0,"7":0,"8":0},"fnMap":{"1":{"name":"(anonymous_1)","line":6,"loc":{"start":{"line":6,"column":15},"end":{"line":6,"column":34}}},"2":{"name":"(anonymous_2)","line":7,"loc":{"start":{"line":7,"column":28},"end":{"line":7,"column":46}}},"3":{"name":"create","line":16,"loc":{"start":{"line":16,"column":12},"end":{"line":16,"column":37}}},"4":{"name":"getCommentById","line":21,"loc":{"start":{"line":21,"column":20},"end":{"line":21,"column":55}}},"5":{"name":"delCommentById","line":26,"loc":{"start":{"line":26,"column":20},"end":{"line":26,"column":55}}},"6":{"name":"delCommentsByPostId","line":31,"loc":{"start":{"line":31,"column":25},"end":{"line":31,"column":62}}},"7":{"name":"getComments","line":36,"loc":{"start":{"line":36,"column":17},"end":{"line":36,"column":46}}},"8":{"name":"getCommentsCount","line":47,"loc":{"start":{"line":47,"column":22},"end":{"line":47,"column":56}}}},"statementMap":{"1":{"start":{"line":1,"column":0},"end":{"line":1,"column":32}},"2":{"start":{"line":2,"column":0},"end":{"line":2,"column":47}},"3":{"start":{"line":5,"column":0},"end":{"line":12,"column":2}},"4":{"start":{"line":7,"column":8},"end":{"line":10,"column":10}},"5":{"start":{"line":8,"column":12},"end":{"line":8,"column":53}},"6":{"start":{"line":9,"column":12},"end":{"line":9,"column":26}},"7":{"start":{"line":14,"column":0},"end":{"line":50,"column":1}},"8":{"start":{"line":17,"column":8},"end":{"line":17,"column":45}},"9":{"start":{"line":22,"column":8},"end":{"line":22,"column":57}},"10":{"start":{"line":27,"column":8},"end":{"line":27,"column":59}},"11":{"start":{"line":32,"column":8},"end":{"line":32,"column":60}},"12":{"start":{"line":37,"column":8},"end":{"line":43,"column":19}},"13":{"start":{"line":48,"column":8},"end":{"line":48,"column":55}}},"branchMap":{}},"F:\\yhx\\JavaScript\\myblog\\routes\\comments.js":{"path":"F:\\yhx\\JavaScript\\myblog\\routes\\comments.js","s":{"1":1,"2":1,"3":1,"4":1,"5":1,"6":0,"7":0,"8":0,"9":0,"10":0,"11":0,"12":0,"13":0,"14":0,"15":0,"16":0,"17":0,"18":1,"19":0,"20":0,"21":0,"22":0,"23":0,"24":0,"25":0,"26":0,"27":0,"28":0,"29":1},"b":{"1":[0,0],"2":[0,0],"3":[0,0]},"f":{"1":0,"2":0,"3":0,"4":0,"5":0},"fnMap":{"1":{"name":"(anonymous_1)","line":8,"loc":{"start":{"line":8,"column":29},"end":{"line":8,"column":54}}},"2":{"name":"(anonymous_2)","line":30,"loc":{"start":{"line":30,"column":14},"end":{"line":30,"column":25}}},"3":{"name":"(anonymous_3)","line":39,"loc":{"start":{"line":39,"column":45},"end":{"line":39,"column":70}}},"4":{"name":"(anonymous_4)","line":44,"loc":{"start":{"line":44,"column":14},"end":{"line":44,"column":32}}},"5":{"name":"(anonymous_5)","line":52,"loc":{"start":{"line":52,"column":22},"end":{"line":52,"column":33}}}},"statementMap":{"1":{"start":{"line":1,"column":0},"end":{"line":1,"column":34}},"2":{"start":{"line":2,"column":0},"end":{"line":2,"column":31}},"3":{"start":{"line":4,"column":0},"end":{"line":4,"column":61}},"4":{"start":{"line":5,"column":0},"end":{"line":5,"column":50}},"5":{"start":{"line":8,"column":0},"end":{"line":36,"column":2}},"6":{"start":{"line":9,"column":4},"end":{"line":9,"column":39}},"7":{"start":{"line":10,"column":4},"end":{"line":10,"column":36}},"8":{"start":{"line":11,"column":4},"end":{"line":11,"column":38}},"9":{"start":{"line":14,"column":4},"end":{"line":21,"column":5}},"10":{"start":{"line":15,"column":8},"end":{"line":17,"column":9}},"11":{"start":{"line":16,"column":12},"end":{"line":16,"column":38}},"12":{"start":{"line":19,"column":8},"end":{"line":19,"column":37}},"13":{"start":{"line":20,"column":8},"end":{"line":20,"column":35}},"14":{"start":{"line":23,"column":4},"end":{"line":27,"column":5}},"15":{"start":{"line":29,"column":4},"end":{"line":35,"column":20}},"16":{"start":{"line":31,"column":12},"end":{"line":31,"column":40}},"17":{"start":{"line":33,"column":12},"end":{"line":33,"column":32}},"18":{"start":{"line":39,"column":0},"end":{"line":59,"column":2}},"19":{"start":{"line":40,"column":4},"end":{"line":40,"column":42}},"20":{"start":{"line":41,"column":4},"end":{"line":41,"column":39}},"21":{"start":{"line":43,"column":4},"end":{"line":58,"column":10}},"22":{"start":{"line":45,"column":12},"end":{"line":47,"column":13}},"23":{"start":{"line":46,"column":16},"end":{"line":46,"column":40}},"24":{"start":{"line":48,"column":12},"end":{"line":50,"column":13}},"25":{"start":{"line":49,"column":16},"end":{"line":49,"column":43}},"26":{"start":{"line":51,"column":12},"end":{"line":57,"column":28}},"27":{"start":{"line":53,"column":20},"end":{"line":53,"column":50}},"28":{"start":{"line":55,"column":20},"end":{"line":55,"column":40}},"29":{"start":{"line":61,"column":0},"end":{"line":61,"column":23}}},"branchMap":{"1":{"line":15,"type":"if","locations":[{"start":{"line":15,"column":8},"end":{"line":15,"column":8}},{"start":{"line":15,"column":8},"end":{"line":15,"column":8}}]},"2":{"line":45,"type":"if","locations":[{"start":{"line":45,"column":12},"end":{"line":45,"column":12}},{"start":{"line":45,"column":12},"end":{"line":45,"column":12}}]},"3":{"line":48,"type":"if","locations":[{"start":{"line":48,"column":12},"end":{"line":48,"column":12}},{"start":{"line":48,"column":12},"end":{"line":48,"column":12}}]}}}}